2026-06-04 18:47:04,968 - discord_bot - INFO - ---Starting Bot Initialization---
2026-06-04 18:47:04,968 - discord_bot - INFO - ---Load/Init DB---
2026-06-04 18:47:04,968 - discord_bot - INFO - Database connection successful
2026-06-04 18:47:04,968 - discord_bot - INFO - ---Load Extensions---
2026-06-04 18:47:04,972 - discord_bot - INFO - bot_shepard has loaded.
2026-06-04 18:47:04,976 - discord_bot.battle - INFO - Module BotBattle ajouté avec succès
2026-06-04 18:47:04,976 - discord_bot - INFO - bot_battle has loaded.
2026-06-04 18:47:04,978 - discord_bot - INFO - bot_command has loaded.
2026-06-04 18:47:04,979 - discord_bot - INFO - bot_games has loaded.
2026-06-04 18:47:04,980 - discord_bot - INFO - bot_help has loaded.
2026-06-04 18:47:04,980 - discord_bot - INFO - ---Start Bot---
2026-06-04 18:59:05,379 - discord_bot - INFO - Bot stopped by keyboard interrupt
2026-06-04 18:59:09,257 - discord_bot - INFO - ---Starting Bot Initialization---
2026-06-04 18:59:09,258 - discord_bot - INFO - ---Load/Init DB---
2026-06-04 18:59:09,258 - discord_bot - INFO - Database connection successful
2026-06-04 18:59:09,258 - discord_bot - INFO - ---Load Extensions---
2026-06-04 18:59:09,260 - discord_bot - INFO - bot_shepard has loaded.
2026-06-04 18:59:09,264 - discord_bot.battle - INFO - Module BotBattle ajouté avec succès
2026-06-04 18:59:09,264 - discord_bot - INFO - bot_battle has loaded.
2026-06-04 18:59:09,265 - discord_bot - INFO - bot_command has loaded.
2026-06-04 18:59:09,266 - discord_bot - INFO - bot_games has loaded.
2026-06-04 18:59:09,267 - discord_bot - INFO - bot_help has loaded.
2026-06-04 18:59:09,267 - discord_bot - INFO - ---Start Bot---
2026-06-04 19:00:36,254 - discord_bot - INFO - Bot stopped by keyboard interrupt
2026-06-04 19:00:37,286 - discord_bot - INFO - ---Starting Bot Initialization---
2026-06-04 19:00:37,286 - discord_bot - INFO - ---Load/Init DB---
2026-06-04 19:00:37,286 - discord_bot - INFO - Database connection successful
2026-06-04 19:00:37,286 - discord_bot - INFO - ---Load Extensions---
2026-06-04 19:00:37,288 - discord_bot - INFO - bot_shepard has loaded.
2026-06-04 19:00:37,289 - discord_bot.battle - INFO - Module BotBattle ajouté avec succès
2026-06-04 19:00:37,289 - discord_bot - INFO - bot_battle has loaded.
2026-06-04 19:00:37,290 - discord_bot - INFO - bot_command has loaded.
2026-06-04 19:00:37,290 - discord_bot - INFO - bot_games has loaded.
2026-06-04 19:00:37,291 - discord_bot - INFO - bot_help has loaded.
2026-06-04 19:00:37,291 - discord_bot - INFO - ---Start Bot---
2026-06-04 19:01:16,204 - discord_bot.battle - INFO - Podium généré pour ookamy
2026-06-04 19:07:23,085 - discord_bot - INFO - Bot stopped by keyboard interrupt
2026-06-07 08:17:07,336 - discord_bot - INFO - ---Starting Bot Initialization---
2026-06-07 08:17:07,355 - discord_bot - INFO - ---Load/Init DB---
2026-06-07 08:17:07,356 - discord_bot - INFO - Database connection successful
2026-06-07 08:17:07,356 - discord_bot - INFO - ---Load Extensions---
2026-06-07 08:17:07,356 - discord_bot - INFO - shepard.cogs.shepard has loaded.
2026-06-07 08:17:07,358 - discord_bot.battle - INFO - Module BotBattle ajouté avec succès
2026-06-07 08:17:07,358 - discord_bot - INFO - shepard.cogs.battle has loaded.
2026-06-07 08:17:07,359 - discord_bot - INFO - shepard.cogs.commands has loaded.
2026-06-07 08:17:07,359 - discord_bot - INFO - shepard.cogs.games has loaded.
2026-06-07 08:17:07,360 - discord_bot - INFO - shepard.cogs.help has loaded.
2026-06-07 08:17:07,360 - discord_bot - INFO - ---Start Bot---
2026-06-07 08:17:32,829 - discord_bot.battle - INFO - Podium généré pour ookamy
2026-06-07 08:21:10,075 - discord_bot.battle - INFO - Podium généré pour ookamy
